<?xml version="1.0" encoding="UTF-8"?>
<testng-results skipped="0" failed="0" total="2" passed="2">
  <reporter-output>
  </reporter-output>
  <suite name="Default suite" duration-ms="16" started-at="2015-03-31T01:01:52Z" finished-at="2015-03-31T01:01:52Z">
    <groups>
    </groups>
    <test name="Default test" duration-ms="16" started-at="2015-03-31T01:01:52Z" finished-at="2015-03-31T01:01:52Z">
      <class name="dataProvider.DataProvider">
        <test-method status="PASS" signature="test(java.lang.String, java.lang.String)[pri:0, instance:dataProvider.DataProvider@2a18f23c]" name="test" duration-ms="8" started-at="2015-03-30T18:01:52Z" data-provider="Authentication" finished-at="2015-03-30T18:01:52Z">
          <params>
            <param index="0">
              <value>
                <![CDATA[testuser_1]]>
              </value>
            </param>
            <param index="1">
              <value>
                <![CDATA[Test@123]]>
              </value>
            </param>
          </params>
          <reporter-output>
          </reporter-output>
        </test-method> <!-- test -->
        <test-method status="PASS" signature="test(java.lang.String, java.lang.String)[pri:0, instance:dataProvider.DataProvider@2a18f23c]" name="test" duration-ms="0" started-at="2015-03-30T18:01:52Z" data-provider="Authentication" finished-at="2015-03-30T18:01:52Z">
          <params>
            <param index="0">
              <value>
                <![CDATA[testuser_1]]>
              </value>
            </param>
            <param index="1">
              <value>
                <![CDATA[Test@123]]>
              </value>
            </param>
          </params>
          <reporter-output>
          </reporter-output>
        </test-method> <!-- test -->
      </class> <!-- dataProvider.DataProvider -->
    </test> <!-- Default test -->
  </suite> <!-- Default suite -->
</testng-results>
